0 info it worked if it ends with ok
1 verbose cli [ 'C:\\Users\\tony.galvao\\AppData\\Local\\.meteor\\packages\\meteor-tool\\1.4.1_1\\mt-os.windows.x86_32\\dev_bundle\\bin\\node.exe',
1 verbose cli   'C:\\Users\\tony.galvao\\AppData\\Local\\.meteor\\packages\\meteor-tool\\1.4.1_1\\mt-os.windows.x86_32\\dev_bundle\\lib\\node_modules\\npm\\bin\\npm-cli.js',
1 verbose cli   'install',
1 verbose cli   '--save',
1 verbose cli   'bcrypt' ]
2 info using npm@3.10.6
3 info using node@v4.5.0
4 silly loadCurrentTree Starting
5 silly install loadCurrentTree
6 silly install readLocalPackageData
7 silly fetchPackageMetaData bcrypt
8 silly fetchNamedPackageData bcrypt
9 silly mapToRegistry name bcrypt
10 silly mapToRegistry using default registry
11 silly mapToRegistry registry https://registry.npmjs.org/
12 silly mapToRegistry data Result {
12 silly mapToRegistry   raw: 'bcrypt',
12 silly mapToRegistry   scope: null,
12 silly mapToRegistry   escapedName: 'bcrypt',
12 silly mapToRegistry   name: 'bcrypt',
12 silly mapToRegistry   rawSpec: '',
12 silly mapToRegistry   spec: 'latest',
12 silly mapToRegistry   type: 'tag' }
13 silly mapToRegistry uri https://registry.npmjs.org/bcrypt
14 verbose request uri https://registry.npmjs.org/bcrypt
15 verbose request no auth needed
16 info attempt registry request try #1 at 12:42:15
17 verbose request id 6a33dc610e53f9ef
18 http request GET https://registry.npmjs.org/bcrypt
19 http 200 https://registry.npmjs.org/bcrypt
20 verbose headers { server: 'CouchDB/1.6.1 (Erlang OTP/R16B03)',
20 verbose headers   etag: '"398F192FUE7FBCG521B59OFYJ"',
20 verbose headers   'content-type': 'application/json',
20 verbose headers   'content-encoding': 'gzip',
20 verbose headers   'cache-control': 'max-age=300',
20 verbose headers   'content-length': '11880',
20 verbose headers   'accept-ranges': 'bytes',
20 verbose headers   date: 'Mon, 12 Sep 2016 15:42:16 GMT',
20 verbose headers   via: '1.1 varnish',
20 verbose headers   age: '49',
20 verbose headers   connection: 'keep-alive',
20 verbose headers   'x-served-by': 'cache-iad2640-IAD',
20 verbose headers   'x-cache': 'HIT',
20 verbose headers   'x-cache-hits': '2',
20 verbose headers   'x-timer': 'S1473694936.533738,VS0,VE0',
20 verbose headers   vary: 'Accept-Encoding' }
21 silly get cb [ 200,
21 silly get   { server: 'CouchDB/1.6.1 (Erlang OTP/R16B03)',
21 silly get     etag: '"398F192FUE7FBCG521B59OFYJ"',
21 silly get     'content-type': 'application/json',
21 silly get     'content-encoding': 'gzip',
21 silly get     'cache-control': 'max-age=300',
21 silly get     'content-length': '11880',
21 silly get     'accept-ranges': 'bytes',
21 silly get     date: 'Mon, 12 Sep 2016 15:42:16 GMT',
21 silly get     via: '1.1 varnish',
21 silly get     age: '49',
21 silly get     connection: 'keep-alive',
21 silly get     'x-served-by': 'cache-iad2640-IAD',
21 silly get     'x-cache': 'HIT',
21 silly get     'x-cache-hits': '2',
21 silly get     'x-timer': 'S1473694936.533738,VS0,VE0',
21 silly get     vary: 'Accept-Encoding' } ]
22 verbose get saving bcrypt to C:\Users\tony.galvao\AppData\Roaming\npm-cache\registry.npmjs.org\bcrypt\.cache.json
23 verbose correctMkdir C:\Users\tony.galvao\AppData\Roaming\npm-cache correctMkdir not in flight; initializing
24 silly install normalizeTree
25 silly loadCurrentTree Finishing
26 silly loadIdealTree Starting
27 silly install loadIdealTree
28 silly cloneCurrentTree Starting
29 silly install cloneCurrentTreeToIdealTree
30 silly cloneCurrentTree Finishing
31 silly loadShrinkwrap Starting
32 silly install loadShrinkwrap
33 silly loadShrinkwrap Finishing
34 silly loadAllDepsIntoIdealTree Starting
35 silly install loadAllDepsIntoIdealTree
36 silly resolveWithNewModule bcrypt@0.8.7 checking installable status
37 silly cache add args [ 'bcrypt', null ]
38 verbose cache add spec bcrypt
39 silly cache add parsed spec Result {
39 silly cache add   raw: 'bcrypt',
39 silly cache add   scope: null,
39 silly cache add   escapedName: 'bcrypt',
39 silly cache add   name: 'bcrypt',
39 silly cache add   rawSpec: '',
39 silly cache add   spec: 'latest',
39 silly cache add   type: 'tag' }
40 silly addNamed bcrypt@latest
41 verbose addNamed "latest" is being treated as a dist-tag for bcrypt
42 info addNameTag [ 'bcrypt', 'latest' ]
43 silly mapToRegistry name bcrypt
44 silly mapToRegistry using default registry
45 silly mapToRegistry registry https://registry.npmjs.org/
46 silly mapToRegistry data Result {
46 silly mapToRegistry   raw: 'bcrypt',
46 silly mapToRegistry   scope: null,
46 silly mapToRegistry   escapedName: 'bcrypt',
46 silly mapToRegistry   name: 'bcrypt',
46 silly mapToRegistry   rawSpec: '',
46 silly mapToRegistry   spec: 'latest',
46 silly mapToRegistry   type: 'tag' }
47 silly mapToRegistry uri https://registry.npmjs.org/bcrypt
48 verbose addNameTag registry:https://registry.npmjs.org/bcrypt not in flight; fetching
49 verbose get https://registry.npmjs.org/bcrypt not expired, no request
50 silly addNameTag next cb for bcrypt with tag latest
51 silly addNamed bcrypt@0.8.7
52 verbose addNamed "0.8.7" is a plain semver version for bcrypt
53 silly mapToRegistry name bcrypt
54 silly mapToRegistry using default registry
55 silly mapToRegistry registry https://registry.npmjs.org/
56 silly mapToRegistry data Result {
56 silly mapToRegistry   raw: 'bcrypt',
56 silly mapToRegistry   scope: null,
56 silly mapToRegistry   escapedName: 'bcrypt',
56 silly mapToRegistry   name: 'bcrypt',
56 silly mapToRegistry   rawSpec: '',
56 silly mapToRegistry   spec: 'latest',
56 silly mapToRegistry   type: 'tag' }
57 silly mapToRegistry uri https://registry.npmjs.org/bcrypt
58 verbose addRemoteTarball https://registry.npmjs.org/bcrypt/-/bcrypt-0.8.7.tgz not in flight; adding
59 verbose addRemoteTarball [ 'https://registry.npmjs.org/bcrypt/-/bcrypt-0.8.7.tgz',
59 verbose addRemoteTarball   'bc3875a9afd0a7b2cd231a6a7f218a5ce156b093' ]
60 info retry fetch attempt 1 at 12:42:16
61 info attempt registry request try #1 at 12:42:16
62 http fetch GET https://registry.npmjs.org/bcrypt/-/bcrypt-0.8.7.tgz
63 http fetch 200 https://registry.npmjs.org/bcrypt/-/bcrypt-0.8.7.tgz
64 silly fetchAndShaCheck shasum bc3875a9afd0a7b2cd231a6a7f218a5ce156b093
65 verbose addTmpTarball C:\Users\TONY~1.GAL\AppData\Local\Temp\npm-8900-22e2e219\registry.npmjs.org\bcrypt\-\bcrypt-0.8.7.tgz not in flight; adding
66 verbose addTmpTarball already have metadata; skipping unpack for bcrypt@0.8.7
67 verbose correctMkdir C:\Users\tony.galvao\AppData\Roaming\npm-cache correctMkdir not in flight; initializing
68 silly cache afterAdd bcrypt@0.8.7
69 verbose afterAdd C:\Users\tony.galvao\AppData\Roaming\npm-cache\bcrypt\0.8.7\package\package.json not in flight; writing
70 verbose correctMkdir C:\Users\tony.galvao\AppData\Roaming\npm-cache correctMkdir not in flight; initializing
71 verbose afterAdd C:\Users\tony.galvao\AppData\Roaming\npm-cache\bcrypt\0.8.7\package\package.json written
72 silly fetchNamedPackageData bindings
73 silly mapToRegistry name bindings
74 silly mapToRegistry using default registry
75 silly mapToRegistry registry https://registry.npmjs.org/
76 silly mapToRegistry data Result {
76 silly mapToRegistry   raw: 'bindings',
76 silly mapToRegistry   scope: null,
76 silly mapToRegistry   escapedName: 'bindings',
76 silly mapToRegistry   name: 'bindings',
76 silly mapToRegistry   rawSpec: '',
76 silly mapToRegistry   spec: 'latest',
76 silly mapToRegistry   type: 'tag' }
77 silly mapToRegistry uri https://registry.npmjs.org/bindings
78 silly fetchNamedPackageData nan
79 silly mapToRegistry name nan
80 silly mapToRegistry using default registry
81 silly mapToRegistry registry https://registry.npmjs.org/
82 silly mapToRegistry data Result {
82 silly mapToRegistry   raw: 'nan',
82 silly mapToRegistry   scope: null,
82 silly mapToRegistry   escapedName: 'nan',
82 silly mapToRegistry   name: 'nan',
82 silly mapToRegistry   rawSpec: '',
82 silly mapToRegistry   spec: 'latest',
82 silly mapToRegistry   type: 'tag' }
83 silly mapToRegistry uri https://registry.npmjs.org/nan
84 verbose request uri https://registry.npmjs.org/bindings
85 verbose request no auth needed
86 info attempt registry request try #1 at 12:42:16
87 http request GET https://registry.npmjs.org/bindings
88 verbose request uri https://registry.npmjs.org/nan
89 verbose request no auth needed
90 info attempt registry request try #1 at 12:42:16
91 http request GET https://registry.npmjs.org/nan
92 http 200 https://registry.npmjs.org/bindings
93 verbose headers { server: 'CouchDB/1.5.0 (Erlang OTP/R16B03)',
93 verbose headers   etag: '"33TX4J3DNTGF7K41ZUV6OA182"',
93 verbose headers   'content-type': 'application/json',
93 verbose headers   'content-encoding': 'gzip',
93 verbose headers   'cache-control': 'max-age=300',
93 verbose headers   'content-length': '3804',
93 verbose headers   'accept-ranges': 'bytes',
93 verbose headers   date: 'Mon, 12 Sep 2016 15:42:17 GMT',
93 verbose headers   via: '1.1 varnish',
93 verbose headers   age: '284',
93 verbose headers   connection: 'keep-alive',
93 verbose headers   'x-served-by': 'cache-iad2640-IAD',
93 verbose headers   'x-cache': 'HIT',
93 verbose headers   'x-cache-hits': '2',
93 verbose headers   'x-timer': 'S1473694937.071176,VS0,VE0',
93 verbose headers   vary: 'Accept-Encoding' }
94 silly get cb [ 200,
94 silly get   { server: 'CouchDB/1.5.0 (Erlang OTP/R16B03)',
94 silly get     etag: '"33TX4J3DNTGF7K41ZUV6OA182"',
94 silly get     'content-type': 'application/json',
94 silly get     'content-encoding': 'gzip',
94 silly get     'cache-control': 'max-age=300',
94 silly get     'content-length': '3804',
94 silly get     'accept-ranges': 'bytes',
94 silly get     date: 'Mon, 12 Sep 2016 15:42:17 GMT',
94 silly get     via: '1.1 varnish',
94 silly get     age: '284',
94 silly get     connection: 'keep-alive',
94 silly get     'x-served-by': 'cache-iad2640-IAD',
94 silly get     'x-cache': 'HIT',
94 silly get     'x-cache-hits': '2',
94 silly get     'x-timer': 'S1473694937.071176,VS0,VE0',
94 silly get     vary: 'Accept-Encoding' } ]
95 verbose get saving bindings to C:\Users\tony.galvao\AppData\Roaming\npm-cache\registry.npmjs.org\bindings\.cache.json
96 verbose correctMkdir C:\Users\tony.galvao\AppData\Roaming\npm-cache correctMkdir not in flight; initializing
97 silly resolveWithNewModule bindings@1.2.1 checking installable status
98 silly cache add args [ 'bindings@1.2.1', null ]
99 verbose cache add spec bindings@1.2.1
100 silly cache add parsed spec Result {
100 silly cache add   raw: 'bindings@1.2.1',
100 silly cache add   scope: null,
100 silly cache add   escapedName: 'bindings',
100 silly cache add   name: 'bindings',
100 silly cache add   rawSpec: '1.2.1',
100 silly cache add   spec: '1.2.1',
100 silly cache add   type: 'version' }
101 silly addNamed bindings@1.2.1
102 verbose addNamed "1.2.1" is a plain semver version for bindings
103 silly mapToRegistry name bindings
104 silly mapToRegistry using default registry
105 silly mapToRegistry registry https://registry.npmjs.org/
106 silly mapToRegistry data Result {
106 silly mapToRegistry   raw: 'bindings',
106 silly mapToRegistry   scope: null,
106 silly mapToRegistry   escapedName: 'bindings',
106 silly mapToRegistry   name: 'bindings',
106 silly mapToRegistry   rawSpec: '',
106 silly mapToRegistry   spec: 'latest',
106 silly mapToRegistry   type: 'tag' }
107 silly mapToRegistry uri https://registry.npmjs.org/bindings
108 verbose addNameVersion registry:https://registry.npmjs.org/bindings not in flight; fetching
109 verbose get https://registry.npmjs.org/bindings not expired, no request
110 silly mapToRegistry name bindings
111 silly mapToRegistry using default registry
112 silly mapToRegistry registry https://registry.npmjs.org/
113 silly mapToRegistry data Result {
113 silly mapToRegistry   raw: 'bindings',
113 silly mapToRegistry   scope: null,
113 silly mapToRegistry   escapedName: 'bindings',
113 silly mapToRegistry   name: 'bindings',
113 silly mapToRegistry   rawSpec: '',
113 silly mapToRegistry   spec: 'latest',
113 silly mapToRegistry   type: 'tag' }
114 silly mapToRegistry uri https://registry.npmjs.org/bindings
115 verbose addRemoteTarball https://registry.npmjs.org/bindings/-/bindings-1.2.1.tgz not in flight; adding
116 verbose addRemoteTarball [ 'https://registry.npmjs.org/bindings/-/bindings-1.2.1.tgz',
116 verbose addRemoteTarball   '14ad6113812d2d37d72e67b4cacb4bb726505f11' ]
117 info retry fetch attempt 1 at 12:42:17
118 info attempt registry request try #1 at 12:42:17
119 http fetch GET https://registry.npmjs.org/bindings/-/bindings-1.2.1.tgz
120 http fetch 200 https://registry.npmjs.org/bindings/-/bindings-1.2.1.tgz
121 silly fetchAndShaCheck shasum 14ad6113812d2d37d72e67b4cacb4bb726505f11
122 verbose addTmpTarball C:\Users\TONY~1.GAL\AppData\Local\Temp\npm-8900-22e2e219\registry.npmjs.org\bindings\-\bindings-1.2.1.tgz not in flight; adding
123 verbose addTmpTarball already have metadata; skipping unpack for bindings@1.2.1
124 verbose correctMkdir C:\Users\tony.galvao\AppData\Roaming\npm-cache correctMkdir not in flight; initializing
125 silly cache afterAdd bindings@1.2.1
126 verbose afterAdd C:\Users\tony.galvao\AppData\Roaming\npm-cache\bindings\1.2.1\package\package.json not in flight; writing
127 verbose correctMkdir C:\Users\tony.galvao\AppData\Roaming\npm-cache correctMkdir not in flight; initializing
128 verbose afterAdd C:\Users\tony.galvao\AppData\Roaming\npm-cache\bindings\1.2.1\package\package.json written
129 http 200 https://registry.npmjs.org/nan
130 verbose headers { server: 'CouchDB/1.5.0 (Erlang OTP/R16B03)',
130 verbose headers   etag: '"1OOZJAUMBQC59OINHZGMRRCSL"',
130 verbose headers   'content-type': 'application/json',
130 verbose headers   'content-encoding': 'gzip',
130 verbose headers   'cache-control': 'max-age=300',
130 verbose headers   'content-length': '17140',
130 verbose headers   'accept-ranges': 'bytes',
130 verbose headers   date: 'Mon, 12 Sep 2016 15:42:17 GMT',
130 verbose headers   via: '1.1 varnish',
130 verbose headers   age: '139',
130 verbose headers   connection: 'keep-alive',
130 verbose headers   'x-served-by': 'cache-iad2638-IAD',
130 verbose headers   'x-cache': 'HIT',
130 verbose headers   'x-cache-hits': '4',
130 verbose headers   'x-timer': 'S1473694937.394648,VS0,VE0',
130 verbose headers   vary: 'Accept-Encoding' }
131 silly get cb [ 200,
131 silly get   { server: 'CouchDB/1.5.0 (Erlang OTP/R16B03)',
131 silly get     etag: '"1OOZJAUMBQC59OINHZGMRRCSL"',
131 silly get     'content-type': 'application/json',
131 silly get     'content-encoding': 'gzip',
131 silly get     'cache-control': 'max-age=300',
131 silly get     'content-length': '17140',
131 silly get     'accept-ranges': 'bytes',
131 silly get     date: 'Mon, 12 Sep 2016 15:42:17 GMT',
131 silly get     via: '1.1 varnish',
131 silly get     age: '139',
131 silly get     connection: 'keep-alive',
131 silly get     'x-served-by': 'cache-iad2638-IAD',
131 silly get     'x-cache': 'HIT',
131 silly get     'x-cache-hits': '4',
131 silly get     'x-timer': 'S1473694937.394648,VS0,VE0',
131 silly get     vary: 'Accept-Encoding' } ]
132 verbose get saving nan to C:\Users\tony.galvao\AppData\Roaming\npm-cache\registry.npmjs.org\nan\.cache.json
133 verbose correctMkdir C:\Users\tony.galvao\AppData\Roaming\npm-cache correctMkdir not in flight; initializing
134 silly resolveWithNewModule nan@2.3.5 checking installable status
135 silly cache add args [ 'nan@2.3.5', null ]
136 verbose cache add spec nan@2.3.5
137 silly cache add parsed spec Result {
137 silly cache add   raw: 'nan@2.3.5',
137 silly cache add   scope: null,
137 silly cache add   escapedName: 'nan',
137 silly cache add   name: 'nan',
137 silly cache add   rawSpec: '2.3.5',
137 silly cache add   spec: '2.3.5',
137 silly cache add   type: 'version' }
138 silly addNamed nan@2.3.5
139 verbose addNamed "2.3.5" is a plain semver version for nan
140 silly mapToRegistry name nan
141 silly mapToRegistry using default registry
142 silly mapToRegistry registry https://registry.npmjs.org/
143 silly mapToRegistry data Result {
143 silly mapToRegistry   raw: 'nan',
143 silly mapToRegistry   scope: null,
143 silly mapToRegistry   escapedName: 'nan',
143 silly mapToRegistry   name: 'nan',
143 silly mapToRegistry   rawSpec: '',
143 silly mapToRegistry   spec: 'latest',
143 silly mapToRegistry   type: 'tag' }
144 silly mapToRegistry uri https://registry.npmjs.org/nan
145 verbose addNameVersion registry:https://registry.npmjs.org/nan not in flight; fetching
146 verbose get https://registry.npmjs.org/nan not expired, no request
147 silly mapToRegistry name nan
148 silly mapToRegistry using default registry
149 silly mapToRegistry registry https://registry.npmjs.org/
150 silly mapToRegistry data Result {
150 silly mapToRegistry   raw: 'nan',
150 silly mapToRegistry   scope: null,
150 silly mapToRegistry   escapedName: 'nan',
150 silly mapToRegistry   name: 'nan',
150 silly mapToRegistry   rawSpec: '',
150 silly mapToRegistry   spec: 'latest',
150 silly mapToRegistry   type: 'tag' }
151 silly mapToRegistry uri https://registry.npmjs.org/nan
152 verbose addRemoteTarball https://registry.npmjs.org/nan/-/nan-2.3.5.tgz not in flight; adding
153 verbose addRemoteTarball [ 'https://registry.npmjs.org/nan/-/nan-2.3.5.tgz',
153 verbose addRemoteTarball   '822a0dc266290ce4cd3a12282ca3e7e364668a08' ]
154 info retry fetch attempt 1 at 12:42:17
155 info attempt registry request try #1 at 12:42:17
156 http fetch GET https://registry.npmjs.org/nan/-/nan-2.3.5.tgz
157 http fetch 200 https://registry.npmjs.org/nan/-/nan-2.3.5.tgz
158 silly fetchAndShaCheck shasum 822a0dc266290ce4cd3a12282ca3e7e364668a08
159 verbose addTmpTarball C:\Users\TONY~1.GAL\AppData\Local\Temp\npm-8900-22e2e219\registry.npmjs.org\nan\-\nan-2.3.5.tgz not in flight; adding
160 verbose addTmpTarball already have metadata; skipping unpack for nan@2.3.5
161 verbose correctMkdir C:\Users\tony.galvao\AppData\Roaming\npm-cache correctMkdir not in flight; initializing
162 silly cache afterAdd nan@2.3.5
163 verbose afterAdd C:\Users\tony.galvao\AppData\Roaming\npm-cache\nan\2.3.5\package\package.json not in flight; writing
164 verbose correctMkdir C:\Users\tony.galvao\AppData\Roaming\npm-cache correctMkdir not in flight; initializing
165 verbose afterAdd C:\Users\tony.galvao\AppData\Roaming\npm-cache\nan\2.3.5\package\package.json written
166 silly fetchNamedPackageData fsevents
167 silly mapToRegistry name fsevents
168 silly mapToRegistry using default registry
169 silly mapToRegistry registry https://registry.npmjs.org/
170 silly mapToRegistry data Result {
170 silly mapToRegistry   raw: 'fsevents',
170 silly mapToRegistry   scope: null,
170 silly mapToRegistry   escapedName: 'fsevents',
170 silly mapToRegistry   name: 'fsevents',
170 silly mapToRegistry   rawSpec: '',
170 silly mapToRegistry   spec: 'latest',
170 silly mapToRegistry   type: 'tag' }
171 silly mapToRegistry uri https://registry.npmjs.org/fsevents
172 verbose request uri https://registry.npmjs.org/fsevents
173 verbose request no auth needed
174 info attempt registry request try #1 at 12:42:19
175 verbose etag "69O0UF1UA8LG7BQRJME2P5RBR"
176 http request GET https://registry.npmjs.org/fsevents
177 http 304 https://registry.npmjs.org/fsevents
178 verbose headers { date: 'Mon, 12 Sep 2016 15:42:19 GMT',
178 verbose headers   via: '1.1 varnish',
178 verbose headers   'cache-control': 'max-age=300',
178 verbose headers   etag: '"69O0UF1UA8LG7BQRJME2P5RBR"',
178 verbose headers   age: '230',
178 verbose headers   connection: 'keep-alive',
178 verbose headers   'x-served-by': 'cache-iad2638-IAD',
178 verbose headers   'x-cache': 'HIT',
178 verbose headers   'x-cache-hits': '2',
178 verbose headers   'x-timer': 'S1473694939.186978,VS0,VE0',
178 verbose headers   vary: 'Accept-Encoding' }
179 silly get cb [ 304,
179 silly get   { date: 'Mon, 12 Sep 2016 15:42:19 GMT',
179 silly get     via: '1.1 varnish',
179 silly get     'cache-control': 'max-age=300',
179 silly get     etag: '"69O0UF1UA8LG7BQRJME2P5RBR"',
179 silly get     age: '230',
179 silly get     connection: 'keep-alive',
179 silly get     'x-served-by': 'cache-iad2638-IAD',
179 silly get     'x-cache': 'HIT',
179 silly get     'x-cache-hits': '2',
179 silly get     'x-timer': 'S1473694939.186978,VS0,VE0',
179 silly get     vary: 'Accept-Encoding' } ]
180 verbose etag https://registry.npmjs.org/fsevents from cache
181 verbose get saving fsevents to C:\Users\tony.galvao\AppData\Roaming\npm-cache\registry.npmjs.org\fsevents\.cache.json
182 verbose correctMkdir C:\Users\tony.galvao\AppData\Roaming\npm-cache correctMkdir not in flight; initializing
183 silly resolveWithNewModule fsevents@1.0.14 checking installable status
184 silly loadAllDepsIntoIdealTree Finishing
185 silly loadIdealTree Finishing
186 silly currentTree 2burn@
186 silly currentTree +-- angular-meteor@1.3.11
186 silly currentTree +-- angular-ui-router@0.3.1
186 silly currentTree +-- angular@1.5.8
186 silly currentTree +-- ansi-regex@0.2.1
186 silly currentTree +-- ansi-styles@1.1.0
186 silly currentTree +-- anymatch@1.3.0
186 silly currentTree +-- arr-diff@2.0.0
186 silly currentTree +-- arr-flatten@1.0.1
186 silly currentTree +-- array-union@1.0.2
186 silly currentTree +-- array-uniq@1.0.3
186 silly currentTree +-- array-unique@0.2.1
186 silly currentTree +-- arrify@1.0.1
186 silly currentTree +-- async-each@1.0.1
186 silly currentTree +-- autoprefixer@6.4.1
186 silly currentTree +-- balanced-match@0.4.2
186 silly currentTree +-- binary-extensions@1.6.0
186 silly currentTree +-- brace-expansion@1.1.6
186 silly currentTree +-- braces@1.8.5
186 silly currentTree +-- browserslist@1.3.6
186 silly currentTree +-- buffer-shims@1.0.0
186 silly currentTree +-- builtin-modules@1.1.1
186 silly currentTree +-- camelcase@3.0.0
186 silly currentTree +-- caniuse-db@1.0.30000529
186 silly currentTree +-- chalk@0.5.1
186 silly currentTree +-- chokidar@1.6.0
186 silly currentTree +-- cliui@3.2.0
186 silly currentTree | +-- ansi-regex@2.0.0
186 silly currentTree | `-- strip-ansi@3.0.1
186 silly currentTree +-- code-point-at@1.0.0
186 silly currentTree +-- concat-map@0.0.1
186 silly currentTree +-- core-util-is@1.0.2
186 silly currentTree +-- decamelize@1.2.0
186 silly currentTree +-- error-ex@1.3.0
186 silly currentTree +-- escape-string-regexp@1.0.5
186 silly currentTree +-- expand-brackets@0.1.5
186 silly currentTree +-- expand-range@1.8.2
186 silly currentTree +-- extglob@0.3.2
186 silly currentTree +-- filename-regex@2.0.0
186 silly currentTree +-- fill-range@2.2.3
186 silly currentTree +-- find-up@1.1.2
186 silly currentTree +-- for-in@0.1.5
186 silly currentTree +-- for-own@0.1.4
186 silly currentTree +-- gather-stream@1.0.0
186 silly currentTree +-- get-caller-file@1.0.2
186 silly currentTree +-- glob-base@0.3.0
186 silly currentTree +-- glob-parent@2.0.0
186 silly currentTree +-- glob@6.0.4
186 silly currentTree +-- globby@4.1.0
186 silly currentTree +-- graceful-fs@4.1.6
186 silly currentTree +-- has-ansi@0.1.0
186 silly currentTree +-- has-flag@1.0.0
186 silly currentTree +-- hosted-git-info@2.1.5
186 silly currentTree +-- inflight@1.0.5
186 silly currentTree +-- inherits@2.0.3
186 silly currentTree +-- invert-kv@1.0.0
186 silly currentTree +-- is-arrayish@0.2.1
186 silly currentTree +-- is-binary-path@1.0.1
186 silly currentTree +-- is-buffer@1.1.4
186 silly currentTree +-- is-builtin-module@1.0.0
186 silly currentTree +-- is-dotfile@1.0.2
186 silly currentTree +-- is-equal-shallow@0.1.3
186 silly currentTree +-- is-extendable@0.1.1
186 silly currentTree +-- is-extglob@1.0.0
186 silly currentTree +-- is-fullwidth-code-point@1.0.0
186 silly currentTree +-- is-glob@2.0.1
186 silly currentTree +-- is-number@2.1.0
186 silly currentTree +-- is-posix-bracket@0.1.1
186 silly currentTree +-- is-primitive@2.0.0
186 silly currentTree +-- is-utf8@0.2.1
186 silly currentTree +-- isarray@1.0.0
186 silly currentTree +-- isobject@2.1.0
186 silly currentTree +-- js-base64@2.1.9
186 silly currentTree +-- jsondiffpatch@0.1.43
186 silly currentTree +-- kind-of@3.0.4
186 silly currentTree +-- lcid@1.0.0
186 silly currentTree +-- load-json-file@1.1.0
186 silly currentTree +-- lodash.assign@4.2.0
186 silly currentTree +-- micromatch@2.3.11
186 silly currentTree +-- minimatch@3.0.3
186 silly currentTree +-- minimist@0.0.8
186 silly currentTree +-- mkdirp@0.5.1
186 silly currentTree +-- neo-async@1.8.2
186 silly currentTree +-- normalize-package-data@2.3.5
186 silly currentTree +-- normalize-path@2.0.1
186 silly currentTree +-- normalize-range@0.1.2
186 silly currentTree +-- num2fraction@1.2.2
186 silly currentTree +-- number-is-nan@1.0.0
186 silly currentTree +-- object-assign@4.1.0
186 silly currentTree +-- object.omit@2.0.0
186 silly currentTree +-- once@1.4.0
186 silly currentTree +-- os-locale@1.4.0
186 silly currentTree +-- parse-glob@3.0.4
186 silly currentTree +-- parse-json@2.2.0
186 silly currentTree +-- path-exists@2.1.0
186 silly currentTree +-- path-is-absolute@1.0.0
186 silly currentTree +-- path-type@1.1.0
186 silly currentTree +-- pify@2.3.0
186 silly currentTree +-- pinkie-promise@2.0.1
186 silly currentTree +-- pinkie@2.0.4
186 silly currentTree +-- postcss-cli@2.6.0
186 silly currentTree +-- postcss-value-parser@3.3.0
186 silly currentTree +-- postcss@5.2.0
186 silly currentTree | `-- supports-color@3.1.2
186 silly currentTree +-- preserve@0.2.0
186 silly currentTree +-- process-nextick-args@1.0.7
186 silly currentTree +-- randomatic@1.1.5
186 silly currentTree +-- read-file-stdin@0.2.1
186 silly currentTree +-- read-pkg-up@1.0.1
186 silly currentTree +-- read-pkg@1.1.0
186 silly currentTree +-- readable-stream@2.1.5
186 silly currentTree +-- readdirp@2.1.0
186 silly currentTree +-- regex-cache@0.4.3
186 silly currentTree +-- repeat-element@1.1.2
186 silly currentTree +-- repeat-string@1.5.4
186 silly currentTree +-- require-directory@2.1.1
186 silly currentTree +-- require-main-filename@1.0.1
186 silly currentTree +-- resolve@1.1.7
186 silly currentTree +-- semver@5.3.0
186 silly currentTree +-- set-blocking@2.0.0
186 silly currentTree +-- set-immediate-shim@1.0.1
186 silly currentTree +-- source-map@0.5.6
186 silly currentTree +-- spdx-correct@1.0.2
186 silly currentTree +-- spdx-expression-parse@1.0.3
186 silly currentTree +-- spdx-license-ids@1.2.2
186 silly currentTree +-- string_decoder@0.10.31
186 silly currentTree +-- string-width@1.0.2
186 silly currentTree | +-- ansi-regex@2.0.0
186 silly currentTree | `-- strip-ansi@3.0.1
186 silly currentTree +-- strip-ansi@0.3.0
186 silly currentTree +-- strip-bom@2.0.0
186 silly currentTree +-- supports-color@0.2.0
186 silly currentTree +-- underscore@1.8.3
186 silly currentTree +-- util-deprecate@1.0.2
186 silly currentTree +-- validate-npm-package-license@3.0.1
186 silly currentTree +-- which-module@1.0.0
186 silly currentTree +-- window-size@0.2.0
186 silly currentTree +-- wrap-ansi@2.0.0
186 silly currentTree +-- wrappy@1.0.2
186 silly currentTree +-- y18n@3.2.1
186 silly currentTree +-- yargs-parser@2.4.1
186 silly currentTree `-- yargs@4.8.1
187 silly idealTree 2burn@
187 silly idealTree +-- angular-meteor@1.3.11
187 silly idealTree +-- angular-ui-router@0.3.1
187 silly idealTree +-- angular@1.5.8
187 silly idealTree +-- ansi-regex@0.2.1
187 silly idealTree +-- ansi-styles@1.1.0
187 silly idealTree +-- anymatch@1.3.0
187 silly idealTree +-- arr-diff@2.0.0
187 silly idealTree +-- arr-flatten@1.0.1
187 silly idealTree +-- array-union@1.0.2
187 silly idealTree +-- array-uniq@1.0.3
187 silly idealTree +-- array-unique@0.2.1
187 silly idealTree +-- arrify@1.0.1
187 silly idealTree +-- async-each@1.0.1
187 silly idealTree +-- autoprefixer@6.4.1
187 silly idealTree +-- balanced-match@0.4.2
187 silly idealTree +-- bcrypt@0.8.7
187 silly idealTree +-- binary-extensions@1.6.0
187 silly idealTree +-- bindings@1.2.1
187 silly idealTree +-- brace-expansion@1.1.6
187 silly idealTree +-- braces@1.8.5
187 silly idealTree +-- browserslist@1.3.6
187 silly idealTree +-- buffer-shims@1.0.0
187 silly idealTree +-- builtin-modules@1.1.1
187 silly idealTree +-- camelcase@3.0.0
187 silly idealTree +-- caniuse-db@1.0.30000529
187 silly idealTree +-- chalk@0.5.1
187 silly idealTree +-- chokidar@1.6.0
187 silly idealTree +-- cliui@3.2.0
187 silly idealTree | +-- ansi-regex@2.0.0
187 silly idealTree | `-- strip-ansi@3.0.1
187 silly idealTree +-- code-point-at@1.0.0
187 silly idealTree +-- concat-map@0.0.1
187 silly idealTree +-- core-util-is@1.0.2
187 silly idealTree +-- decamelize@1.2.0
187 silly idealTree +-- error-ex@1.3.0
187 silly idealTree +-- escape-string-regexp@1.0.5
187 silly idealTree +-- expand-brackets@0.1.5
187 silly idealTree +-- expand-range@1.8.2
187 silly idealTree +-- extglob@0.3.2
187 silly idealTree +-- filename-regex@2.0.0
187 silly idealTree +-- fill-range@2.2.3
187 silly idealTree +-- find-up@1.1.2
187 silly idealTree +-- for-in@0.1.5
187 silly idealTree +-- for-own@0.1.4
187 silly idealTree +-- gather-stream@1.0.0
187 silly idealTree +-- get-caller-file@1.0.2
187 silly idealTree +-- glob-base@0.3.0
187 silly idealTree +-- glob-parent@2.0.0
187 silly idealTree +-- glob@6.0.4
187 silly idealTree +-- globby@4.1.0
187 silly idealTree +-- graceful-fs@4.1.6
187 silly idealTree +-- has-ansi@0.1.0
187 silly idealTree +-- has-flag@1.0.0
187 silly idealTree +-- hosted-git-info@2.1.5
187 silly idealTree +-- inflight@1.0.5
187 silly idealTree +-- inherits@2.0.3
187 silly idealTree +-- invert-kv@1.0.0
187 silly idealTree +-- is-arrayish@0.2.1
187 silly idealTree +-- is-binary-path@1.0.1
187 silly idealTree +-- is-buffer@1.1.4
187 silly idealTree +-- is-builtin-module@1.0.0
187 silly idealTree +-- is-dotfile@1.0.2
187 silly idealTree +-- is-equal-shallow@0.1.3
187 silly idealTree +-- is-extendable@0.1.1
187 silly idealTree +-- is-extglob@1.0.0
187 silly idealTree +-- is-fullwidth-code-point@1.0.0
187 silly idealTree +-- is-glob@2.0.1
187 silly idealTree +-- is-number@2.1.0
187 silly idealTree +-- is-posix-bracket@0.1.1
187 silly idealTree +-- is-primitive@2.0.0
187 silly idealTree +-- is-utf8@0.2.1
187 silly idealTree +-- isarray@1.0.0
187 silly idealTree +-- isobject@2.1.0
187 silly idealTree +-- js-base64@2.1.9
187 silly idealTree +-- jsondiffpatch@0.1.43
187 silly idealTree +-- kind-of@3.0.4
187 silly idealTree +-- lcid@1.0.0
187 silly idealTree +-- load-json-file@1.1.0
187 silly idealTree +-- lodash.assign@4.2.0
187 silly idealTree +-- micromatch@2.3.11
187 silly idealTree +-- minimatch@3.0.3
187 silly idealTree +-- minimist@0.0.8
187 silly idealTree +-- mkdirp@0.5.1
187 silly idealTree +-- nan@2.3.5
187 silly idealTree +-- neo-async@1.8.2
187 silly idealTree +-- normalize-package-data@2.3.5
187 silly idealTree +-- normalize-path@2.0.1
187 silly idealTree +-- normalize-range@0.1.2
187 silly idealTree +-- num2fraction@1.2.2
187 silly idealTree +-- number-is-nan@1.0.0
187 silly idealTree +-- object-assign@4.1.0
187 silly idealTree +-- object.omit@2.0.0
187 silly idealTree +-- once@1.4.0
187 silly idealTree +-- os-locale@1.4.0
187 silly idealTree +-- parse-glob@3.0.4
187 silly idealTree +-- parse-json@2.2.0
187 silly idealTree +-- path-exists@2.1.0
187 silly idealTree +-- path-is-absolute@1.0.0
187 silly idealTree +-- path-type@1.1.0
187 silly idealTree +-- pify@2.3.0
187 silly idealTree +-- pinkie-promise@2.0.1
187 silly idealTree +-- pinkie@2.0.4
187 silly idealTree +-- postcss-cli@2.6.0
187 silly idealTree +-- postcss-value-parser@3.3.0
187 silly idealTree +-- postcss@5.2.0
187 silly idealTree | `-- supports-color@3.1.2
187 silly idealTree +-- preserve@0.2.0
187 silly idealTree +-- process-nextick-args@1.0.7
187 silly idealTree +-- randomatic@1.1.5
187 silly idealTree +-- read-file-stdin@0.2.1
187 silly idealTree +-- read-pkg-up@1.0.1
187 silly idealTree +-- read-pkg@1.1.0
187 silly idealTree +-- readable-stream@2.1.5
187 silly idealTree +-- readdirp@2.1.0
187 silly idealTree +-- regex-cache@0.4.3
187 silly idealTree +-- repeat-element@1.1.2
187 silly idealTree +-- repeat-string@1.5.4
187 silly idealTree +-- require-directory@2.1.1
187 silly idealTree +-- require-main-filename@1.0.1
187 silly idealTree +-- resolve@1.1.7
187 silly idealTree +-- semver@5.3.0
187 silly idealTree +-- set-blocking@2.0.0
187 silly idealTree +-- set-immediate-shim@1.0.1
187 silly idealTree +-- source-map@0.5.6
187 silly idealTree +-- spdx-correct@1.0.2
187 silly idealTree +-- spdx-expression-parse@1.0.3
187 silly idealTree +-- spdx-license-ids@1.2.2
187 silly idealTree +-- string_decoder@0.10.31
187 silly idealTree +-- string-width@1.0.2
187 silly idealTree | +-- ansi-regex@2.0.0
187 silly idealTree | `-- strip-ansi@3.0.1
187 silly idealTree +-- strip-ansi@0.3.0
187 silly idealTree +-- strip-bom@2.0.0
187 silly idealTree +-- supports-color@0.2.0
187 silly idealTree +-- underscore@1.8.3
187 silly idealTree +-- util-deprecate@1.0.2
187 silly idealTree +-- validate-npm-package-license@3.0.1
187 silly idealTree +-- which-module@1.0.0
187 silly idealTree +-- window-size@0.2.0
187 silly idealTree +-- wrap-ansi@2.0.0
187 silly idealTree +-- wrappy@1.0.2
187 silly idealTree +-- y18n@3.2.1
187 silly idealTree +-- yargs-parser@2.4.1
187 silly idealTree `-- yargs@4.8.1
188 silly generateActionsToTake Starting
189 silly install generateActionsToTake
190 silly generateActionsToTake Finishing
191 silly diffTrees action count 3
192 silly diffTrees add bindings@1.2.1
193 silly diffTrees add nan@2.3.5
194 silly diffTrees add bcrypt@0.8.7
195 silly decomposeActions action count 24
196 silly decomposeActions fetch bindings@1.2.1
197 silly decomposeActions extract bindings@1.2.1
198 silly decomposeActions test bindings@1.2.1
199 silly decomposeActions preinstall bindings@1.2.1
200 silly decomposeActions build bindings@1.2.1
201 silly decomposeActions install bindings@1.2.1
202 silly decomposeActions postinstall bindings@1.2.1
203 silly decomposeActions finalize bindings@1.2.1
204 silly decomposeActions fetch nan@2.3.5
205 silly decomposeActions extract nan@2.3.5
206 silly decomposeActions test nan@2.3.5
207 silly decomposeActions preinstall nan@2.3.5
208 silly decomposeActions build nan@2.3.5
209 silly decomposeActions install nan@2.3.5
210 silly decomposeActions postinstall nan@2.3.5
211 silly decomposeActions finalize nan@2.3.5
212 silly decomposeActions fetch bcrypt@0.8.7
213 silly decomposeActions extract bcrypt@0.8.7
214 silly decomposeActions test bcrypt@0.8.7
215 silly decomposeActions preinstall bcrypt@0.8.7
216 silly decomposeActions build bcrypt@0.8.7
217 silly decomposeActions install bcrypt@0.8.7
218 silly decomposeActions postinstall bcrypt@0.8.7
219 silly decomposeActions finalize bcrypt@0.8.7
220 silly executeActions Starting
221 silly install executeActions
222 silly doSerial global-install 0
223 silly doParallel fetch 3
224 verbose correctMkdir C:\Users\tony.galvao\AppData\Roaming\npm-cache\_locks correctMkdir not in flight; initializing
225 verbose lock using C:\Users\tony.galvao\AppData\Roaming\npm-cache\_locks\staging-0776324a79627601.lock for C:\Users\tony.galvao\Documents\GitHub\2burn\node_modules\.staging
226 silly doParallel extract 3
227 silly extract bindings@1.2.1
228 silly extract nan@2.3.5
229 silly extract bcrypt@0.8.7
230 verbose unbuild node_modules\.staging\bindings-2ad60d26
231 verbose unbuild node_modules\.staging\bcrypt-30d4f7bd
232 verbose unbuild node_modules\.staging\nan-ebba3922
233 silly gentlyRm C:\Users\tony.galvao\Documents\GitHub\2burn\node_modules\.staging\bindings-2ad60d26 is being purged from base C:\Users\tony.galvao\Documents\GitHub\2burn
234 verbose gentlyRm don't care about contents; nuking C:\Users\tony.galvao\Documents\GitHub\2burn\node_modules\.staging\bindings-2ad60d26
235 silly gentlyRm C:\Users\tony.galvao\Documents\GitHub\2burn\node_modules\.staging\bcrypt-30d4f7bd is being purged from base C:\Users\tony.galvao\Documents\GitHub\2burn
236 verbose gentlyRm don't care about contents; nuking C:\Users\tony.galvao\Documents\GitHub\2burn\node_modules\.staging\bcrypt-30d4f7bd
237 silly gentlyRm C:\Users\tony.galvao\Documents\GitHub\2burn\node_modules\.staging\nan-ebba3922 is being purged from base C:\Users\tony.galvao\Documents\GitHub\2burn
238 verbose gentlyRm don't care about contents; nuking C:\Users\tony.galvao\Documents\GitHub\2burn\node_modules\.staging\nan-ebba3922
239 verbose tar unpack C:\Users\tony.galvao\AppData\Roaming\npm-cache\bindings\1.2.1\package.tgz
240 verbose tar unpacking to C:\Users\tony.galvao\Documents\GitHub\2burn\node_modules\.staging\bindings-2ad60d26
241 silly gentlyRm C:\Users\tony.galvao\Documents\GitHub\2burn\node_modules\.staging\bindings-2ad60d26 is being purged
242 verbose gentlyRm don't care about contents; nuking C:\Users\tony.galvao\Documents\GitHub\2burn\node_modules\.staging\bindings-2ad60d26
243 verbose tar unpack C:\Users\tony.galvao\AppData\Roaming\npm-cache\bcrypt\0.8.7\package.tgz
244 verbose tar unpacking to C:\Users\tony.galvao\Documents\GitHub\2burn\node_modules\.staging\bcrypt-30d4f7bd
245 silly gentlyRm C:\Users\tony.galvao\Documents\GitHub\2burn\node_modules\.staging\bcrypt-30d4f7bd is being purged
246 verbose gentlyRm don't care about contents; nuking C:\Users\tony.galvao\Documents\GitHub\2burn\node_modules\.staging\bcrypt-30d4f7bd
247 verbose tar unpack C:\Users\tony.galvao\AppData\Roaming\npm-cache\nan\2.3.5\package.tgz
248 verbose tar unpacking to C:\Users\tony.galvao\Documents\GitHub\2burn\node_modules\.staging\nan-ebba3922
249 silly gentlyRm C:\Users\tony.galvao\Documents\GitHub\2burn\node_modules\.staging\nan-ebba3922 is being purged
250 verbose gentlyRm don't care about contents; nuking C:\Users\tony.galvao\Documents\GitHub\2burn\node_modules\.staging\nan-ebba3922
251 silly gunzTarPerm modes [ '777', '666' ]
252 silly gunzTarPerm modes [ '777', '666' ]
253 silly gunzTarPerm modes [ '777', '666' ]
254 silly gunzTarPerm extractEntry package.json
255 silly gunzTarPerm modified mode [ 'package.json', 420, 438 ]
256 silly gunzTarPerm extractEntry package.json
257 silly gunzTarPerm modified mode [ 'package.json', 420, 438 ]
258 silly gunzTarPerm extractEntry package.json
259 silly gunzTarPerm modified mode [ 'package.json', 436, 438 ]
260 silly gunzTarPerm extractEntry .npmignore
261 silly gunzTarPerm modified mode [ '.npmignore', 420, 438 ]
262 silly gunzTarPerm extractEntry README.md
263 silly gunzTarPerm modified mode [ 'README.md', 420, 438 ]
264 silly gunzTarPerm extractEntry README.md
265 silly gunzTarPerm modified mode [ 'README.md', 420, 438 ]
266 silly gunzTarPerm extractEntry bindings.js
267 silly gunzTarPerm modified mode [ 'bindings.js', 420, 438 ]
268 silly gunzTarPerm extractEntry README.md
269 silly gunzTarPerm modified mode [ 'README.md', 436, 438 ]
270 silly gunzTarPerm extractEntry include_dirs.js
271 silly gunzTarPerm modified mode [ 'include_dirs.js', 436, 438 ]
272 silly gunzTarPerm extractEntry nan_converters.h
273 silly gunzTarPerm modified mode [ 'nan_converters.h', 436, 438 ]
274 silly gunzTarPerm extractEntry LICENSE.md
275 silly gunzTarPerm modified mode [ 'LICENSE.md', 436, 438 ]
276 silly gunzTarPerm extractEntry doc/node_misc.md
277 silly gunzTarPerm modified mode [ 'doc/node_misc.md', 436, 438 ]
278 silly gunzTarPerm extractEntry LICENSE
279 silly gunzTarPerm modified mode [ 'LICENSE', 420, 438 ]
280 silly gunzTarPerm extractEntry bcrypt.js
281 silly gunzTarPerm modified mode [ 'bcrypt.js', 420, 438 ]
282 silly gunzTarPerm extractEntry Makefile
283 silly gunzTarPerm modified mode [ 'Makefile', 420, 438 ]
284 silly gunzTarPerm extractEntry .travis.yml
285 silly gunzTarPerm modified mode [ '.travis.yml', 420, 438 ]
286 silly gunzTarPerm extractEntry CHANGELOG.md
287 silly gunzTarPerm modified mode [ 'CHANGELOG.md', 420, 438 ]
288 silly gunzTarPerm extractEntry binding.gyp
289 silly gunzTarPerm modified mode [ 'binding.gyp', 420, 438 ]
290 silly gunzTarPerm extractEntry examples/async_compare.js
291 silly gunzTarPerm modified mode [ 'examples/async_compare.js', 420, 438 ]
292 silly gunzTarPerm extractEntry examples/forever_gen_salt.js
293 silly gunzTarPerm modified mode [ 'examples/forever_gen_salt.js', 420, 438 ]
294 silly gunzTarPerm extractEntry test/async.js
295 silly gunzTarPerm modified mode [ 'test/async.js', 420, 438 ]
296 silly gunzTarPerm extractEntry test/repetitions.js
297 silly gunzTarPerm modified mode [ 'test/repetitions.js', 420, 438 ]
298 silly gunzTarPerm extractEntry test/sync.js
299 silly gunzTarPerm modified mode [ 'test/sync.js', 420, 438 ]
300 silly gunzTarPerm extractEntry ISSUE_TEMPLATE.md
301 silly gunzTarPerm modified mode [ 'ISSUE_TEMPLATE.md', 420, 438 ]
302 silly gunzTarPerm extractEntry src/bcrypt.cc
303 silly gunzTarPerm modified mode [ 'src/bcrypt.cc', 420, 438 ]
304 silly gunzTarPerm extractEntry src/bcrypt_node.cc
305 silly gunzTarPerm modified mode [ 'src/bcrypt_node.cc', 420, 438 ]
306 silly gunzTarPerm extractEntry src/blowfish.cc
307 silly gunzTarPerm modified mode [ 'src/blowfish.cc', 420, 438 ]
308 silly gunzTarPerm extractEntry src/node_blf.h
309 silly gunzTarPerm modified mode [ 'src/node_blf.h', 420, 438 ]
310 silly gunzTarPerm extractEntry werker.yml
311 silly gunzTarPerm modified mode [ 'werker.yml', 420, 438 ]
312 silly gunzTarPerm extractEntry doc/asyncworker.md
313 silly gunzTarPerm modified mode [ 'doc/asyncworker.md', 436, 438 ]
314 silly gunzTarPerm extractEntry doc/callback.md
315 silly gunzTarPerm modified mode [ 'doc/callback.md', 436, 438 ]
316 silly gunzTarPerm extractEntry doc/converters.md
317 silly gunzTarPerm modified mode [ 'doc/converters.md', 436, 438 ]
318 silly gunzTarPerm extractEntry doc/errors.md
319 silly gunzTarPerm modified mode [ 'doc/errors.md', 436, 438 ]
320 silly gunzTarPerm extractEntry doc/maybe_types.md
321 silly gunzTarPerm modified mode [ 'doc/maybe_types.md', 436, 438 ]
322 silly gunzTarPerm extractEntry doc/methods.md
323 silly gunzTarPerm modified mode [ 'doc/methods.md', 436, 438 ]
324 silly gunzTarPerm extractEntry doc/new.md
325 silly gunzTarPerm modified mode [ 'doc/new.md', 436, 438 ]
326 silly gunzTarPerm extractEntry doc/buffers.md
327 silly gunzTarPerm modified mode [ 'doc/buffers.md', 436, 438 ]
328 silly gunzTarPerm extractEntry doc/object_wrappers.md
329 silly gunzTarPerm modified mode [ 'doc/object_wrappers.md', 436, 438 ]
330 silly gunzTarPerm extractEntry doc/persistent.md
331 silly gunzTarPerm modified mode [ 'doc/persistent.md', 436, 438 ]
332 silly gunzTarPerm extractEntry doc/scopes.md
333 silly gunzTarPerm modified mode [ 'doc/scopes.md', 436, 438 ]
334 silly gunzTarPerm extractEntry doc/script.md
335 silly gunzTarPerm modified mode [ 'doc/script.md', 436, 438 ]
336 silly gunzTarPerm extractEntry doc/string_bytes.md
337 silly gunzTarPerm modified mode [ 'doc/string_bytes.md', 436, 438 ]
338 silly gunzTarPerm extractEntry doc/v8_internals.md
339 silly gunzTarPerm modified mode [ 'doc/v8_internals.md', 436, 438 ]
340 silly gunzTarPerm extractEntry doc/v8_misc.md
341 silly gunzTarPerm modified mode [ 'doc/v8_misc.md', 436, 438 ]
342 silly gunzTarPerm extractEntry nan.h
343 silly gunzTarPerm modified mode [ 'nan.h', 436, 438 ]
344 silly gunzTarPerm extractEntry nan_callbacks.h
345 silly gunzTarPerm modified mode [ 'nan_callbacks.h', 436, 438 ]
346 silly gunzTarPerm extractEntry nan_callbacks_12_inl.h
347 silly gunzTarPerm modified mode [ 'nan_callbacks_12_inl.h', 436, 438 ]
348 silly gunzTarPerm extractEntry nan_callbacks_pre_12_inl.h
349 silly gunzTarPerm modified mode [ 'nan_callbacks_pre_12_inl.h', 436, 438 ]
350 silly gunzTarPerm extractEntry nan_converters_43_inl.h
351 silly gunzTarPerm modified mode [ 'nan_converters_43_inl.h', 436, 438 ]
352 silly gunzTarPerm extractEntry nan_converters_pre_43_inl.h
353 silly gunzTarPerm modified mode [ 'nan_converters_pre_43_inl.h', 436, 438 ]
354 silly gunzTarPerm extractEntry nan_implementation_12_inl.h
355 silly gunzTarPerm modified mode [ 'nan_implementation_12_inl.h', 436, 438 ]
356 silly gunzTarPerm extractEntry nan_implementation_pre_12_inl.h
357 silly gunzTarPerm modified mode [ 'nan_implementation_pre_12_inl.h', 436, 438 ]
358 silly gunzTarPerm extractEntry nan_maybe_43_inl.h
359 silly gunzTarPerm modified mode [ 'nan_maybe_43_inl.h', 436, 438 ]
360 silly gunzTarPerm extractEntry nan_maybe_pre_43_inl.h
361 silly gunzTarPerm modified mode [ 'nan_maybe_pre_43_inl.h', 436, 438 ]
362 silly gunzTarPerm extractEntry nan_new.h
363 silly gunzTarPerm modified mode [ 'nan_new.h', 436, 438 ]
364 silly gunzTarPerm extractEntry nan_object_wrap.h
365 silly gunzTarPerm modified mode [ 'nan_object_wrap.h', 436, 438 ]
366 silly gunzTarPerm extractEntry nan_persistent_12_inl.h
367 silly gunzTarPerm modified mode [ 'nan_persistent_12_inl.h', 436, 438 ]
368 silly gunzTarPerm extractEntry nan_persistent_pre_12_inl.h
369 silly gunzTarPerm modified mode [ 'nan_persistent_pre_12_inl.h', 436, 438 ]
370 silly gunzTarPerm extractEntry nan_string_bytes.h
371 silly gunzTarPerm modified mode [ 'nan_string_bytes.h', 436, 438 ]
372 silly gunzTarPerm extractEntry nan_typedarray_contents.h
373 silly gunzTarPerm modified mode [ 'nan_typedarray_contents.h', 436, 438 ]
374 silly gunzTarPerm extractEntry nan_weak.h
375 silly gunzTarPerm modified mode [ 'nan_weak.h', 436, 438 ]
376 silly gunzTarPerm extractEntry CHANGELOG.md
377 silly gunzTarPerm modified mode [ 'CHANGELOG.md', 436, 438 ]
378 silly gunzTarPerm extractEntry tools/package.json
379 silly gunzTarPerm modified mode [ 'tools/package.json', 436, 438 ]
380 silly gunzTarPerm extractEntry tools/README.md
381 silly gunzTarPerm modified mode [ 'tools/README.md', 436, 438 ]
382 silly gunzTarPerm extractEntry tools/1to2.js
383 silly gunzTarPerm modified mode [ 'tools/1to2.js', 509, 511 ]
384 silly gentlyRm C:\Users\tony.galvao\Documents\GitHub\2burn\node_modules\.staging\bindings-2ad60d26\node_modules is being purged
385 verbose gentlyRm don't care about contents; nuking C:\Users\tony.galvao\Documents\GitHub\2burn\node_modules\.staging\bindings-2ad60d26\node_modules
386 silly gentlyRm C:\Users\tony.galvao\Documents\GitHub\2burn\node_modules\.staging\nan-ebba3922\node_modules is being purged
387 verbose gentlyRm don't care about contents; nuking C:\Users\tony.galvao\Documents\GitHub\2burn\node_modules\.staging\nan-ebba3922\node_modules
388 silly gentlyRm C:\Users\tony.galvao\Documents\GitHub\2burn\node_modules\.staging\bcrypt-30d4f7bd\node_modules is being purged
389 verbose gentlyRm don't care about contents; nuking C:\Users\tony.galvao\Documents\GitHub\2burn\node_modules\.staging\bcrypt-30d4f7bd\node_modules
390 silly doParallel preinstall 3
391 silly preinstall bindings@1.2.1 C:\Users\tony.galvao\Documents\GitHub\2burn\node_modules\.staging\bindings-2ad60d26
392 info lifecycle bindings@1.2.1~preinstall: bindings@1.2.1
393 silly preinstall nan@2.3.5 C:\Users\tony.galvao\Documents\GitHub\2burn\node_modules\.staging\nan-ebba3922
394 info lifecycle nan@2.3.5~preinstall: nan@2.3.5
395 silly preinstall bcrypt@0.8.7 C:\Users\tony.galvao\Documents\GitHub\2burn\node_modules\.staging\bcrypt-30d4f7bd
396 info lifecycle bcrypt@0.8.7~preinstall: bcrypt@0.8.7
397 silly lifecycle bindings@1.2.1~preinstall: no script for preinstall, continuing
398 silly lifecycle nan@2.3.5~preinstall: no script for preinstall, continuing
399 silly lifecycle bcrypt@0.8.7~preinstall: no script for preinstall, continuing
400 silly doReverseSerial remove 0
401 silly doSerial move 0
402 silly doSerial finalize 3
403 silly finalize C:\Users\tony.galvao\Documents\GitHub\2burn\node_modules\bindings
404 silly finalize C:\Users\tony.galvao\Documents\GitHub\2burn\node_modules\nan
405 silly finalize C:\Users\tony.galvao\Documents\GitHub\2burn\node_modules\bcrypt
406 silly doSerial build 3
407 silly build bindings@1.2.1
408 info linkStuff bindings@1.2.1
409 silly linkStuff bindings@1.2.1 has C:\Users\tony.galvao\Documents\GitHub\2burn\node_modules as its parent node_modules
410 verbose linkBins bindings@1.2.1
411 verbose linkMans bindings@1.2.1
412 silly build nan@2.3.5
413 info linkStuff nan@2.3.5
414 silly linkStuff nan@2.3.5 has C:\Users\tony.galvao\Documents\GitHub\2burn\node_modules as its parent node_modules
415 verbose linkBins nan@2.3.5
416 verbose linkMans nan@2.3.5
417 silly build bcrypt@0.8.7
418 info linkStuff bcrypt@0.8.7
419 silly linkStuff bcrypt@0.8.7 has C:\Users\tony.galvao\Documents\GitHub\2burn\node_modules as its parent node_modules
420 verbose linkBins bcrypt@0.8.7
421 verbose linkMans bcrypt@0.8.7
422 silly doSerial global-link 0
423 silly doParallel update-linked 0
424 silly doSerial install 3
425 silly install bindings@1.2.1 C:\Users\tony.galvao\Documents\GitHub\2burn\node_modules\.staging\bindings-2ad60d26
426 info lifecycle bindings@1.2.1~install: bindings@1.2.1
427 silly lifecycle bindings@1.2.1~install: no script for install, continuing
428 silly install nan@2.3.5 C:\Users\tony.galvao\Documents\GitHub\2burn\node_modules\.staging\nan-ebba3922
429 info lifecycle nan@2.3.5~install: nan@2.3.5
430 silly lifecycle nan@2.3.5~install: no script for install, continuing
431 silly install bcrypt@0.8.7 C:\Users\tony.galvao\Documents\GitHub\2burn\node_modules\.staging\bcrypt-30d4f7bd
432 info lifecycle bcrypt@0.8.7~install: bcrypt@0.8.7
433 verbose lifecycle bcrypt@0.8.7~install: unsafe-perm in lifecycle true
434 verbose lifecycle bcrypt@0.8.7~install: PATH: C:\Users\tony.galvao\AppData\Local\.meteor\packages\meteor-tool\1.4.1_1\mt-os.windows.x86_32\dev_bundle\lib\node_modules\npm\bin\node-gyp-bin;C:\Users\tony.galvao\Documents\GitHub\2burn\node_modules\bcrypt\node_modules\.bin;C:\Users\tony.galvao\Documents\GitHub\2burn\node_modules\.bin;C:\Users\tony.galvao\AppData\Local\.meteor\packages\meteor-tool\1.4.1_1\mt-os.windows.x86_32\dev_bundle\bin;C:\Users\tony.galvao\AppData\Local\.meteor\packages\meteor-tool\1.4.1_1\mt-os.windows.x86_32\dev_bundle\lib\node_modules\.bin;C:\Users\tony.galvao\Downloads\ConEmuPack.160607\ConEmu\Scripts;C:\Users\tony.galvao\Downloads\ConEmuPack.160607;C:\Users\tony.galvao\Downloads\ConEmuPack.160607\ConEmu;C:\app\willian.freitas\product\11.2.0\client_2\bin;C:\app\willian.freitas\product\11.2.0\client_1;C:\ProgramData\Oracle\Java\javapath;C:\Program Files (x86)\AMD APP\bin\x86_64;C:\Program Files (x86)\AMD APP\bin\x86;C:\Program Files (x86)\Intel\iCLS Client\;C:\Program Files\Intel\iCLS Client\;C:\Windows\system32;C:\Windows;C:\Windows\System32\Wbem;C:\Windows\System32\WindowsPowerShell\v1.0\;C:\Program Files\Intel\Intel(R) Management Engine Components\DAL;C:\Program Files\Intel\Intel(R) Management Engine Components\IPT;C:\Program Files (x86)\Intel\Intel(R) Management Engine Components\DAL;C:\Program Files (x86)\Intel\Intel(R) Management Engine Components\IPT;C:\Program Files\Dell\Dell Data Protection\Access\Advanced\Wave\Gemalto\Access Client\v5\;C:\Program Files (x86)\Security Innovation\SI TSS\bin\;C:\Program Files (x86)\ATI Technologies\ATI.ACE\Core-Static;C:\Program Files (x86)\Microsoft SDKs\TypeScript\1.0\;C:\Program Files\TortoiseSVN\bin;C:\Program Files\Microsoft SQL Server\110\Tools\Binn\;C:\temp\apache-maven-3.2.5\bin;C:\Program Files (x86)\Skype\Phone\;C:\Users\tony.galvao\AppData\Local\.meteor\;C:\TDM-GCC-64\bin;C:\Users\tony.galvao\AppData\Local\atom\bin
435 verbose lifecycle bcrypt@0.8.7~install: CWD: C:\Users\tony.galvao\Documents\GitHub\2burn\node_modules\bcrypt
436 silly lifecycle bcrypt@0.8.7~install: Args: [ '/d /s /c', 'node-gyp rebuild' ]
437 silly lifecycle bcrypt@0.8.7~install: Returned: code: 1  signal: null
438 info lifecycle bcrypt@0.8.7~install: Failed to exec install script
439 verbose unlock done using C:\Users\tony.galvao\AppData\Roaming\npm-cache\_locks\staging-0776324a79627601.lock for C:\Users\tony.galvao\Documents\GitHub\2burn\node_modules\.staging
440 silly rollbackFailedOptional Starting
441 silly rollbackFailedOptional Finishing
442 silly runTopLevelLifecycles Starting
443 silly runTopLevelLifecycles Finishing
444 silly install printInstalled
445 warn optional Skipping failed optional dependency /chokidar/fsevents:
446 warn notsup Not compatible with your operating system or architecture: fsevents@1.0.14
447 verbose stack Error: bcrypt@0.8.7 install: `node-gyp rebuild`
447 verbose stack Exit status 1
447 verbose stack     at EventEmitter.<anonymous> (C:\Users\tony.galvao\AppData\Local\.meteor\packages\meteor-tool\1.4.1_1\mt-os.windows.x86_32\dev_bundle\lib\node_modules\npm\lib\utils\lifecycle.js:255:16)
447 verbose stack     at emitTwo (events.js:87:13)
447 verbose stack     at EventEmitter.emit (events.js:172:7)
447 verbose stack     at ChildProcess.<anonymous> (C:\Users\tony.galvao\AppData\Local\.meteor\packages\meteor-tool\1.4.1_1\mt-os.windows.x86_32\dev_bundle\lib\node_modules\npm\lib\utils\spawn.js:40:14)
447 verbose stack     at emitTwo (events.js:87:13)
447 verbose stack     at ChildProcess.emit (events.js:172:7)
447 verbose stack     at maybeClose (internal/child_process.js:829:16)
447 verbose stack     at Process.ChildProcess._handle.onexit (internal/child_process.js:211:5)
448 verbose pkgid bcrypt@0.8.7
449 verbose cwd C:\Users\tony.galvao\Documents\GitHub\2burn
450 error Windows_NT 6.1.7601
451 error argv "C:\\Users\\tony.galvao\\AppData\\Local\\.meteor\\packages\\meteor-tool\\1.4.1_1\\mt-os.windows.x86_32\\dev_bundle\\bin\\node.exe" "C:\\Users\\tony.galvao\\AppData\\Local\\.meteor\\packages\\meteor-tool\\1.4.1_1\\mt-os.windows.x86_32\\dev_bundle\\lib\\node_modules\\npm\\bin\\npm-cli.js" "install" "--save" "bcrypt"
452 error node v4.5.0
453 error npm  v3.10.6
454 error code ELIFECYCLE
455 error bcrypt@0.8.7 install: `node-gyp rebuild`
455 error Exit status 1
456 error Failed at the bcrypt@0.8.7 install script 'node-gyp rebuild'.
456 error Make sure you have the latest version of node.js and npm installed.
456 error If you do, this is most likely a problem with the bcrypt package,
456 error not with npm itself.
456 error Tell the author that this fails on your system:
456 error     node-gyp rebuild
456 error You can get information on how to open an issue for this project with:
456 error     npm bugs bcrypt
456 error Or if that isn't available, you can get their info via:
456 error     npm owner ls bcrypt
456 error There is likely additional logging output above.
457 verbose exit [ 1, true ]
